Performing C++ SOURCE FILE Test COMPILER_SUPPORT_Wshorten64to32 failed with the following output:
Change Dir: /root/workspace/src/eigen-3.3.7/build/CMakeFiles/CMakeTmp

Run Build Command(s):/usr/bin/make cmTC_c2e29/fast && /usr/bin/make -f CMakeFiles/cmTC_c2e29.dir/build.make CMakeFiles/cmTC_c2e29.dir/build
make[1]: Entering directory '/root/workspace/src/eigen-3.3.7/build/CMakeFiles/CMakeTmp'
Building CXX object CMakeFiles/cmTC_c2e29.dir/src.cxx.o
/usr/bin/c++    -std=c++03 -pedantic -Wall -Wextra -Wundef -Wcast-align -Wchar-subscripts -Wnon-virtual-dtor -Wunused-local-typedefs -Wpointer-arith -Wwrite-strings -Wformat-security -DCOMPILER_SUPPORT_Wshorten64to32 -Werror   -Wshorten-64-to-32 -o CMakeFiles/cmTC_c2e29.dir/src.cxx.o -c /root/workspace/src/eigen-3.3.7/build/CMakeFiles/CMakeTmp/src.cxx
c++: error: unrecognized command line option '-Wshorten-64-to-32'
make[1]: *** [CMakeFiles/cmTC_c2e29.dir/build.make:66: CMakeFiles/cmTC_c2e29.dir/src.cxx.o] Error 1
make[1]: Leaving directory '/root/workspace/src/eigen-3.3.7/build/CMakeFiles/CMakeTmp'
make: *** [Makefile:121: cmTC_c2e29/fast] Error 2


Source file was:
int main() { return 0; }
Performing C++ SOURCE FILE Test COMPILER_SUPPORT_Wenumconversion failed with the following output:
Change Dir: /root/workspace/src/eigen-3.3.7/build/CMakeFiles/CMakeTmp

Run Build Command(s):/usr/bin/make cmTC_c54fc/fast && /usr/bin/make -f CMakeFiles/cmTC_c54fc.dir/build.make CMakeFiles/cmTC_c54fc.dir/build
make[1]: Entering directory '/root/workspace/src/eigen-3.3.7/build/CMakeFiles/CMakeTmp'
Building CXX object CMakeFiles/cmTC_c54fc.dir/src.cxx.o
/usr/bin/c++    -std=c++03 -pedantic -Wall -Wextra -Wundef -Wcast-align -Wchar-subscripts -Wnon-virtual-dtor -Wunused-local-typedefs -Wpointer-arith -Wwrite-strings -Wformat-security -Wlogical-op -DCOMPILER_SUPPORT_Wenumconversion -Werror   -Wenum-conversion -o CMakeFiles/cmTC_c54fc.dir/src.cxx.o -c /root/workspace/src/eigen-3.3.7/build/CMakeFiles/CMakeTmp/src.cxx
c++: error: unrecognized command line option '-Wenum-conversion'; did you mean '-Wno-conversion'?
make[1]: *** [CMakeFiles/cmTC_c54fc.dir/build.make:66: CMakeFiles/cmTC_c54fc.dir/src.cxx.o] Error 1
make[1]: Leaving directory '/root/workspace/src/eigen-3.3.7/build/CMakeFiles/CMakeTmp'
make: *** [Makefile:121: cmTC_c54fc/fast] Error 2


Source file was:
int main() { return 0; }
Performing C++ SOURCE FILE Test COMPILER_SUPPORT_Wcpp11extensions failed with the following output:
Change Dir: /root/workspace/src/eigen-3.3.7/build/CMakeFiles/CMakeTmp

Run Build Command(s):/usr/bin/make cmTC_add9e/fast && /usr/bin/make -f CMakeFiles/cmTC_add9e.dir/build.make CMakeFiles/cmTC_add9e.dir/build
make[1]: Entering directory '/root/workspace/src/eigen-3.3.7/build/CMakeFiles/CMakeTmp'
Building CXX object CMakeFiles/cmTC_add9e.dir/src.cxx.o
/usr/bin/c++    -std=c++03 -pedantic -Wall -Wextra -Wundef -Wcast-align -Wchar-subscripts -Wnon-virtual-dtor -Wunused-local-typedefs -Wpointer-arith -Wwrite-strings -Wformat-security -Wlogical-op -DCOMPILER_SUPPORT_Wcpp11extensions -Werror   -Wc++11-extensions -o CMakeFiles/cmTC_add9e.dir/src.cxx.o -c /root/workspace/src/eigen-3.3.7/build/CMakeFiles/CMakeTmp/src.cxx
c++: error: unrecognized command line option '-Wc++11-extensions'; did you mean '-fms-extensions'?
make[1]: *** [CMakeFiles/cmTC_add9e.dir/build.make:66: CMakeFiles/cmTC_add9e.dir/src.cxx.o] Error 1
make[1]: Leaving directory '/root/workspace/src/eigen-3.3.7/build/CMakeFiles/CMakeTmp'
make: *** [Makefile:121: cmTC_add9e/fast] Error 2


Source file was:
int main() { return 0; }
Performing C++ SOURCE FILE Test COMPILER_SUPPORT_wd981 failed with the following output:
Change Dir: /root/workspace/src/eigen-3.3.7/build/CMakeFiles/CMakeTmp

Run Build Command(s):/usr/bin/make cmTC_eb974/fast && /usr/bin/make -f CMakeFiles/cmTC_eb974.dir/build.make CMakeFiles/cmTC_eb974.dir/build
make[1]: Entering directory '/root/workspace/src/eigen-3.3.7/build/CMakeFiles/CMakeTmp'
Building CXX object CMakeFiles/cmTC_eb974.dir/src.cxx.o
/usr/bin/c++    -std=c++03 -pedantic -Wall -Wextra -Wundef -Wcast-align -Wchar-subscripts -Wnon-virtual-dtor -Wunused-local-typedefs -Wpointer-arith -Wwrite-strings -Wformat-security -Wlogical-op -Wdouble-promotion -Wno-psabi -Wno-variadic-macros -Wno-long-long -fno-check-new -fno-common -fstrict-aliasing -DCOMPILER_SUPPORT_wd981 -Werror   -wd981 -o CMakeFiles/cmTC_eb974.dir/src.cxx.o -c /root/workspace/src/eigen-3.3.7/build/CMakeFiles/CMakeTmp/src.cxx
c++: error: unrecognized command line option '-wd981'
make[1]: *** [CMakeFiles/cmTC_eb974.dir/build.make:66: CMakeFiles/cmTC_eb974.dir/src.cxx.o] Error 1
make[1]: Leaving directory '/root/workspace/src/eigen-3.3.7/build/CMakeFiles/CMakeTmp'
make: *** [Makefile:121: cmTC_eb974/fast] Error 2


Source file was:
int main() { return 0; }
Performing C++ SOURCE FILE Test COMPILER_SUPPORT_wd2304 failed with the following output:
Change Dir: /root/workspace/src/eigen-3.3.7/build/CMakeFiles/CMakeTmp

Run Build Command(s):/usr/bin/make cmTC_80dd1/fast && /usr/bin/make -f CMakeFiles/cmTC_80dd1.dir/build.make CMakeFiles/cmTC_80dd1.dir/build
make[1]: Entering directory '/root/workspace/src/eigen-3.3.7/build/CMakeFiles/CMakeTmp'
Building CXX object CMakeFiles/cmTC_80dd1.dir/src.cxx.o
/usr/bin/c++    -std=c++03 -pedantic -Wall -Wextra -Wundef -Wcast-align -Wchar-subscripts -Wnon-virtual-dtor -Wunused-local-typedefs -Wpointer-arith -Wwrite-strings -Wformat-security -Wlogical-op -Wdouble-promotion -Wno-psabi -Wno-variadic-macros -Wno-long-long -fno-check-new -fno-common -fstrict-aliasing -DCOMPILER_SUPPORT_wd2304 -Werror   -wd2304 -o CMakeFiles/cmTC_80dd1.dir/src.cxx.o -c /root/workspace/src/eigen-3.3.7/build/CMakeFiles/CMakeTmp/src.cxx
c++: error: unrecognized command line option '-wd2304'
make[1]: *** [CMakeFiles/cmTC_80dd1.dir/build.make:66: CMakeFiles/cmTC_80dd1.dir/src.cxx.o] Error 1
make[1]: Leaving directory '/root/workspace/src/eigen-3.3.7/build/CMakeFiles/CMakeTmp'
make: *** [Makefile:121: cmTC_80dd1/fast] Error 2


Source file was:
int main() { return 0; }
Performing C++ SOURCE FILE Test COMPILER_SUPPORT_STRICTANSI failed with the following output:
Change Dir: /root/workspace/src/eigen-3.3.7/build/CMakeFiles/CMakeTmp

Run Build Command(s):/usr/bin/make cmTC_283c1/fast && /usr/bin/make -f CMakeFiles/cmTC_283c1.dir/build.make CMakeFiles/cmTC_283c1.dir/build
make[1]: Entering directory '/root/workspace/src/eigen-3.3.7/build/CMakeFiles/CMakeTmp'
Building CXX object CMakeFiles/cmTC_283c1.dir/src.cxx.o
/usr/bin/c++    -std=c++03 -pedantic -Wall -Wextra -Wundef -Wcast-align -Wchar-subscripts -Wnon-virtual-dtor -Wunused-local-typedefs -Wpointer-arith -Wwrite-strings -Wformat-security -Wlogical-op -Wdouble-promotion -Wno-psabi -Wno-variadic-macros -Wno-long-long -fno-check-new -fno-common -fstrict-aliasing -DCOMPILER_SUPPORT_STRICTANSI -Werror   -strict-ansi -o CMakeFiles/cmTC_283c1.dir/src.cxx.o -c /root/workspace/src/eigen-3.3.7/build/CMakeFiles/CMakeTmp/src.cxx
c++: error: unrecognized command line option '-strict-ansi'; did you mean '-fstrict-enums'?
make[1]: *** [CMakeFiles/cmTC_283c1.dir/build.make:66: CMakeFiles/cmTC_283c1.dir/src.cxx.o] Error 1
make[1]: Leaving directory '/root/workspace/src/eigen-3.3.7/build/CMakeFiles/CMakeTmp'
make: *** [Makefile:121: cmTC_283c1/fast] Error 2


Source file was:
int main() { return 0; }
Performing C++ SOURCE FILE Test COMPILER_SUPPORT_Qunusedarguments failed with the following output:
Change Dir: /root/workspace/src/eigen-3.3.7/build/CMakeFiles/CMakeTmp

Run Build Command(s):/usr/bin/make cmTC_42d12/fast && /usr/bin/make -f CMakeFiles/cmTC_42d12.dir/build.make CMakeFiles/cmTC_42d12.dir/build
make[1]: Entering directory '/root/workspace/src/eigen-3.3.7/build/CMakeFiles/CMakeTmp'
Building CXX object CMakeFiles/cmTC_42d12.dir/src.cxx.o
/usr/bin/c++    -std=c++03 -pedantic -Wall -Wextra -Wundef -Wcast-align -Wchar-subscripts -Wnon-virtual-dtor -Wunused-local-typedefs -Wpointer-arith -Wwrite-strings -Wformat-security -Wlogical-op -Wdouble-promotion -Wno-psabi -Wno-variadic-macros -Wno-long-long -fno-check-new -fno-common -fstrict-aliasing -DCOMPILER_SUPPORT_Qunusedarguments -Werror   -Qunused-arguments -o CMakeFiles/cmTC_42d12.dir/src.cxx.o -c /root/workspace/src/eigen-3.3.7/build/CMakeFiles/CMakeTmp/src.cxx
c++: error: unrecognized command line option '-Qunused-arguments'
make[1]: *** [CMakeFiles/cmTC_42d12.dir/build.make:66: CMakeFiles/cmTC_42d12.dir/src.cxx.o] Error 1
make[1]: Leaving directory '/root/workspace/src/eigen-3.3.7/build/CMakeFiles/CMakeTmp'
make: *** [Makefile:121: cmTC_42d12/fast] Error 2


Source file was:
int main() { return 0; }
The MPI test test_mpi for C in mode normal failed to compile with the following output:
Change Dir: /root/workspace/src/eigen-3.3.7/build/CMakeFiles/CMakeTmp

Run Build Command(s):/usr/bin/make cmTC_5d0c3/fast && /usr/bin/make -f CMakeFiles/cmTC_5d0c3.dir/build.make CMakeFiles/cmTC_5d0c3.dir/build
make[1]: Entering directory '/root/workspace/src/eigen-3.3.7/build/CMakeFiles/CMakeTmp'
Building C object CMakeFiles/cmTC_5d0c3.dir/test_mpi.c.o
/usr/bin/cc    -o CMakeFiles/cmTC_5d0c3.dir/test_mpi.c.o   -c /usr/share/cmake/Modules/FindMPI/test_mpi.c
/usr/share/cmake/Modules/FindMPI/test_mpi.c:1:10: fatal error: mpi.h: No such file or directory
    1 | #include <mpi.h>
      |          ^~~~~~~
compilation terminated.
make[1]: *** [CMakeFiles/cmTC_5d0c3.dir/build.make:66: CMakeFiles/cmTC_5d0c3.dir/test_mpi.c.o] Error 1
make[1]: Leaving directory '/root/workspace/src/eigen-3.3.7/build/CMakeFiles/CMakeTmp'
make: *** [Makefile:121: cmTC_5d0c3/fast] Error 2



The MPI test test_mpi for CXX in mode normal failed to compile with the following output:
Change Dir: /root/workspace/src/eigen-3.3.7/build/CMakeFiles/CMakeTmp

Run Build Command(s):/usr/bin/make cmTC_e0239/fast && /usr/bin/make -f CMakeFiles/cmTC_e0239.dir/build.make CMakeFiles/cmTC_e0239.dir/build
make[1]: Entering directory '/root/workspace/src/eigen-3.3.7/build/CMakeFiles/CMakeTmp'
Building CXX object CMakeFiles/cmTC_e0239.dir/test_mpi.cpp.o
/usr/bin/c++    -std=c++03 -pedantic -Wall -Wextra -Wundef -Wcast-align -Wchar-subscripts -Wnon-virtual-dtor -Wunused-local-typedefs -Wpointer-arith -Wwrite-strings -Wformat-security -Wlogical-op -Wdouble-promotion -Wno-psabi -Wno-variadic-macros -Wno-long-long -fno-check-new -fno-common -fstrict-aliasing -ansi    -o CMakeFiles/cmTC_e0239.dir/test_mpi.cpp.o -c /root/workspace/src/eigen-3.3.7/build/CMakeFiles/FindMPI/test_mpi.cpp
/root/workspace/src/eigen-3.3.7/build/CMakeFiles/FindMPI/test_mpi.cpp:1:10: fatal error: mpi.h: No such file or directory
    1 | #include <mpi.h>
      |          ^~~~~~~
compilation terminated.
make[1]: *** [CMakeFiles/cmTC_e0239.dir/build.make:66: CMakeFiles/cmTC_e0239.dir/test_mpi.cpp.o] Error 1
make[1]: Leaving directory '/root/workspace/src/eigen-3.3.7/build/CMakeFiles/CMakeTmp'
make: *** [Makefile:121: cmTC_e0239/fast] Error 2



The MPI test test_mpi for Fortran in mode F77_HEADER failed to compile with the following output:
Change Dir: /root/workspace/src/eigen-3.3.7/build/CMakeFiles/CMakeTmp

Run Build Command(s):/usr/bin/make cmTC_55bbb/fast && /usr/bin/make -f CMakeFiles/cmTC_55bbb.dir/build.make CMakeFiles/cmTC_55bbb.dir/build
make[1]: Entering directory '/root/workspace/src/eigen-3.3.7/build/CMakeFiles/CMakeTmp'
Building Fortran object CMakeFiles/cmTC_55bbb.dir/test_mpi.f90.o
/usr/bin/gfortran    -c /root/workspace/src/eigen-3.3.7/build/CMakeFiles/FindMPI/test_mpi.f90 -o CMakeFiles/cmTC_55bbb.dir/test_mpi.f90.o
/root/workspace/src/eigen-3.3.7/build/CMakeFiles/FindMPI/test_mpi.f90:3: Error: Can't open included file 'mpif.h'
make[1]: *** [CMakeFiles/cmTC_55bbb.dir/build.make:66: CMakeFiles/cmTC_55bbb.dir/test_mpi.f90.o] Error 1
make[1]: Leaving directory '/root/workspace/src/eigen-3.3.7/build/CMakeFiles/CMakeTmp'
make: *** [Makefile:121: cmTC_55bbb/fast] Error 2



The MPI test test_mpi for Fortran in mode F90_MODULE failed to compile with the following output:
Change Dir: /root/workspace/src/eigen-3.3.7/build/CMakeFiles/CMakeTmp

Run Build Command(s):/usr/bin/make cmTC_a299a/fast && /usr/bin/make -f CMakeFiles/cmTC_a299a.dir/build.make CMakeFiles/cmTC_a299a.dir/build
make[1]: Entering directory '/root/workspace/src/eigen-3.3.7/build/CMakeFiles/CMakeTmp'
Building Fortran object CMakeFiles/cmTC_a299a.dir/test_mpi.f90.o
/usr/bin/gfortran    -c /root/workspace/src/eigen-3.3.7/build/CMakeFiles/FindMPI/test_mpi.f90 -o CMakeFiles/cmTC_a299a.dir/test_mpi.f90.o
/root/workspace/src/eigen-3.3.7/build/CMakeFiles/FindMPI/test_mpi.f90:2:10:

    2 |       use mpi
      |          1
Fatal Error: Cannot open module file 'mpi.mod' for reading at (1): No such file or directory
compilation terminated.
make[1]: *** [CMakeFiles/cmTC_a299a.dir/build.make:66: CMakeFiles/cmTC_a299a.dir/test_mpi.f90.o] Error 1
make[1]: Leaving directory '/root/workspace/src/eigen-3.3.7/build/CMakeFiles/CMakeTmp'
make: *** [Makefile:121: cmTC_a299a/fast] Error 2



The MPI test test_mpi for Fortran in mode F08_MODULE failed to compile with the following output:
Change Dir: /root/workspace/src/eigen-3.3.7/build/CMakeFiles/CMakeTmp

Run Build Command(s):/usr/bin/make cmTC_c75f2/fast && /usr/bin/make -f CMakeFiles/cmTC_c75f2.dir/build.make CMakeFiles/cmTC_c75f2.dir/build
make[1]: Entering directory '/root/workspace/src/eigen-3.3.7/build/CMakeFiles/CMakeTmp'
Building Fortran object CMakeFiles/cmTC_c75f2.dir/test_mpi.f90.o
/usr/bin/gfortran    -c /root/workspace/src/eigen-3.3.7/build/CMakeFiles/FindMPI/test_mpi.f90 -o CMakeFiles/cmTC_c75f2.dir/test_mpi.f90.o
/root/workspace/src/eigen-3.3.7/build/CMakeFiles/FindMPI/test_mpi.f90:2:10:

    2 |       use mpi_f08
      |          1
Fatal Error: Cannot open module file 'mpi_f08.mod' for reading at (1): No such file or directory
compilation terminated.
make[1]: *** [CMakeFiles/cmTC_c75f2.dir/build.make:66: CMakeFiles/cmTC_c75f2.dir/test_mpi.f90.o] Error 1
make[1]: Leaving directory '/root/workspace/src/eigen-3.3.7/build/CMakeFiles/CMakeTmp'
make: *** [Makefile:121: cmTC_c75f2/fast] Error 2



The MPI test test_mpi for Fortran in mode F77_HEADER_NOKIND failed to compile with the following output:
Change Dir: /root/workspace/src/eigen-3.3.7/build/CMakeFiles/CMakeTmp

Run Build Command(s):/usr/bin/make cmTC_8b266/fast && /usr/bin/make -f CMakeFiles/cmTC_8b266.dir/build.make CMakeFiles/cmTC_8b266.dir/build
make[1]: Entering directory '/root/workspace/src/eigen-3.3.7/build/CMakeFiles/CMakeTmp'
Building Fortran object CMakeFiles/cmTC_8b266.dir/test_mpi.f90.o
/usr/bin/gfortran    -c /root/workspace/src/eigen-3.3.7/build/CMakeFiles/FindMPI/test_mpi.f90 -o CMakeFiles/cmTC_8b266.dir/test_mpi.f90.o
/root/workspace/src/eigen-3.3.7/build/CMakeFiles/FindMPI/test_mpi.f90:3: Error: Can't open included file 'mpif.h'
make[1]: *** [CMakeFiles/cmTC_8b266.dir/build.make:66: CMakeFiles/cmTC_8b266.dir/test_mpi.f90.o] Error 1
make[1]: Leaving directory '/root/workspace/src/eigen-3.3.7/build/CMakeFiles/CMakeTmp'
make: *** [Makefile:121: cmTC_8b266/fast] Error 2



Performing C SOURCE FILE Test SCOTCH_Num_4 failed with the following compile output:
Change Dir: /root/workspace/src/eigen-3.3.7/build/CMakeFiles/CMakeTmp

Run Build Command(s):/usr/bin/make cmTC_3db4a/fast && /usr/bin/make -f CMakeFiles/cmTC_3db4a.dir/build.make CMakeFiles/cmTC_3db4a.dir/build
make[1]: Entering directory '/root/workspace/src/eigen-3.3.7/build/CMakeFiles/CMakeTmp'
Building C object CMakeFiles/cmTC_3db4a.dir/src.c.o
/usr/bin/cc   -DSCOTCH_Num_4   -o CMakeFiles/cmTC_3db4a.dir/src.c.o   -c /root/workspace/src/eigen-3.3.7/build/CMakeFiles/CMakeTmp/src.c
/root/workspace/src/eigen-3.3.7/build/CMakeFiles/CMakeTmp/src.c:4:10: fatal error: scotch.h: No such file or directory
    4 | #include <scotch.h>
      |          ^~~~~~~~~~
compilation terminated.
make[1]: *** [CMakeFiles/cmTC_3db4a.dir/build.make:66: CMakeFiles/cmTC_3db4a.dir/src.c.o] Error 1
make[1]: Leaving directory '/root/workspace/src/eigen-3.3.7/build/CMakeFiles/CMakeTmp'
make: *** [Makefile:121: cmTC_3db4a/fast] Error 2


...and run output:

Return value: 1
Source file was:

#include <stdio.h>
#include <stdint.h>
#include <scotch.h>
int main(int argc, char **argv) {
  if (sizeof(SCOTCH_Num) == 4)
    return 0;
  else
    return 1;
}

Performing C SOURCE FILE Test SCOTCH_Num_8 failed with the following compile output:
Change Dir: /root/workspace/src/eigen-3.3.7/build/CMakeFiles/CMakeTmp

Run Build Command(s):/usr/bin/make cmTC_b5751/fast && /usr/bin/make -f CMakeFiles/cmTC_b5751.dir/build.make CMakeFiles/cmTC_b5751.dir/build
make[1]: Entering directory '/root/workspace/src/eigen-3.3.7/build/CMakeFiles/CMakeTmp'
Building C object CMakeFiles/cmTC_b5751.dir/src.c.o
/usr/bin/cc   -DSCOTCH_Num_8   -o CMakeFiles/cmTC_b5751.dir/src.c.o   -c /root/workspace/src/eigen-3.3.7/build/CMakeFiles/CMakeTmp/src.c
/root/workspace/src/eigen-3.3.7/build/CMakeFiles/CMakeTmp/src.c:4:10: fatal error: scotch.h: No such file or directory
    4 | #include <scotch.h>
      |          ^~~~~~~~~~
compilation terminated.
make[1]: *** [CMakeFiles/cmTC_b5751.dir/build.make:66: CMakeFiles/cmTC_b5751.dir/src.c.o] Error 1
make[1]: Leaving directory '/root/workspace/src/eigen-3.3.7/build/CMakeFiles/CMakeTmp'
make: *** [Makefile:121: cmTC_b5751/fast] Error 2


...and run output:

Return value: 1
Source file was:

#include <stdio.h>
#include <stdint.h>
#include <scotch.h>
int main(int argc, char **argv) {
  if (sizeof(SCOTCH_Num) == 8)
    return 0;
  else
    return 1;
}

The MPI test test_mpi for C in mode normal failed to compile with the following output:
Change Dir: /root/workspace/src/eigen-3.3.7/build/CMakeFiles/CMakeTmp

Run Build Command(s):/usr/bin/make cmTC_fdc16/fast && /usr/bin/make -f CMakeFiles/cmTC_fdc16.dir/build.make CMakeFiles/cmTC_fdc16.dir/build
make[1]: Entering directory '/root/workspace/src/eigen-3.3.7/build/CMakeFiles/CMakeTmp'
Building C object CMakeFiles/cmTC_fdc16.dir/test_mpi.c.o
/usr/bin/cc    -o CMakeFiles/cmTC_fdc16.dir/test_mpi.c.o   -c /usr/share/cmake/Modules/FindMPI/test_mpi.c
/usr/share/cmake/Modules/FindMPI/test_mpi.c:1:10: fatal error: mpi.h: No such file or directory
    1 | #include <mpi.h>
      |          ^~~~~~~
compilation terminated.
make[1]: *** [CMakeFiles/cmTC_fdc16.dir/build.make:66: CMakeFiles/cmTC_fdc16.dir/test_mpi.c.o] Error 1
make[1]: Leaving directory '/root/workspace/src/eigen-3.3.7/build/CMakeFiles/CMakeTmp'
make: *** [Makefile:121: cmTC_fdc16/fast] Error 2



The MPI test test_mpi for CXX in mode normal failed to compile with the following output:
Change Dir: /root/workspace/src/eigen-3.3.7/build/CMakeFiles/CMakeTmp

Run Build Command(s):/usr/bin/make cmTC_bfe1e/fast && /usr/bin/make -f CMakeFiles/cmTC_bfe1e.dir/build.make CMakeFiles/cmTC_bfe1e.dir/build
make[1]: Entering directory '/root/workspace/src/eigen-3.3.7/build/CMakeFiles/CMakeTmp'
Building CXX object CMakeFiles/cmTC_bfe1e.dir/test_mpi.cpp.o
/usr/bin/c++    -std=c++03 -pedantic -Wall -Wextra -Wundef -Wcast-align -Wchar-subscripts -Wnon-virtual-dtor -Wunused-local-typedefs -Wpointer-arith -Wwrite-strings -Wformat-security -Wlogical-op -Wdouble-promotion -Wno-psabi -Wno-variadic-macros -Wno-long-long -fno-check-new -fno-common -fstrict-aliasing -ansi    -o CMakeFiles/cmTC_bfe1e.dir/test_mpi.cpp.o -c /root/workspace/src/eigen-3.3.7/build/CMakeFiles/FindMPI/test_mpi.cpp
/root/workspace/src/eigen-3.3.7/build/CMakeFiles/FindMPI/test_mpi.cpp:1:10: fatal error: mpi.h: No such file or directory
    1 | #include <mpi.h>
      |          ^~~~~~~
compilation terminated.
make[1]: *** [CMakeFiles/cmTC_bfe1e.dir/build.make:66: CMakeFiles/cmTC_bfe1e.dir/test_mpi.cpp.o] Error 1
make[1]: Leaving directory '/root/workspace/src/eigen-3.3.7/build/CMakeFiles/CMakeTmp'
make: *** [Makefile:121: cmTC_bfe1e/fast] Error 2



The MPI test test_mpi for Fortran in mode F77_HEADER failed to compile with the following output:
Change Dir: /root/workspace/src/eigen-3.3.7/build/CMakeFiles/CMakeTmp

Run Build Command(s):/usr/bin/make cmTC_30f74/fast && /usr/bin/make -f CMakeFiles/cmTC_30f74.dir/build.make CMakeFiles/cmTC_30f74.dir/build
make[1]: Entering directory '/root/workspace/src/eigen-3.3.7/build/CMakeFiles/CMakeTmp'
Building Fortran object CMakeFiles/cmTC_30f74.dir/test_mpi.f90.o
/usr/bin/gfortran    -c /root/workspace/src/eigen-3.3.7/build/CMakeFiles/FindMPI/test_mpi.f90 -o CMakeFiles/cmTC_30f74.dir/test_mpi.f90.o
/root/workspace/src/eigen-3.3.7/build/CMakeFiles/FindMPI/test_mpi.f90:3: Error: Can't open included file 'mpif.h'
make[1]: *** [CMakeFiles/cmTC_30f74.dir/build.make:66: CMakeFiles/cmTC_30f74.dir/test_mpi.f90.o] Error 1
make[1]: Leaving directory '/root/workspace/src/eigen-3.3.7/build/CMakeFiles/CMakeTmp'
make: *** [Makefile:121: cmTC_30f74/fast] Error 2



The MPI test test_mpi for Fortran in mode F90_MODULE failed to compile with the following output:
Change Dir: /root/workspace/src/eigen-3.3.7/build/CMakeFiles/CMakeTmp

Run Build Command(s):/usr/bin/make cmTC_2855b/fast && /usr/bin/make -f CMakeFiles/cmTC_2855b.dir/build.make CMakeFiles/cmTC_2855b.dir/build
make[1]: Entering directory '/root/workspace/src/eigen-3.3.7/build/CMakeFiles/CMakeTmp'
Building Fortran object CMakeFiles/cmTC_2855b.dir/test_mpi.f90.o
/usr/bin/gfortran    -c /root/workspace/src/eigen-3.3.7/build/CMakeFiles/FindMPI/test_mpi.f90 -o CMakeFiles/cmTC_2855b.dir/test_mpi.f90.o
/root/workspace/src/eigen-3.3.7/build/CMakeFiles/FindMPI/test_mpi.f90:2:10:

    2 |       use mpi
      |          1
Fatal Error: Cannot open module file 'mpi.mod' for reading at (1): No such file or directory
compilation terminated.
make[1]: *** [CMakeFiles/cmTC_2855b.dir/build.make:66: CMakeFiles/cmTC_2855b.dir/test_mpi.f90.o] Error 1
make[1]: Leaving directory '/root/workspace/src/eigen-3.3.7/build/CMakeFiles/CMakeTmp'
make: *** [Makefile:121: cmTC_2855b/fast] Error 2



The MPI test test_mpi for Fortran in mode F08_MODULE failed to compile with the following output:
Change Dir: /root/workspace/src/eigen-3.3.7/build/CMakeFiles/CMakeTmp

Run Build Command(s):/usr/bin/make cmTC_596a5/fast && /usr/bin/make -f CMakeFiles/cmTC_596a5.dir/build.make CMakeFiles/cmTC_596a5.dir/build
make[1]: Entering directory '/root/workspace/src/eigen-3.3.7/build/CMakeFiles/CMakeTmp'
Building Fortran object CMakeFiles/cmTC_596a5.dir/test_mpi.f90.o
/usr/bin/gfortran    -c /root/workspace/src/eigen-3.3.7/build/CMakeFiles/FindMPI/test_mpi.f90 -o CMakeFiles/cmTC_596a5.dir/test_mpi.f90.o
/root/workspace/src/eigen-3.3.7/build/CMakeFiles/FindMPI/test_mpi.f90:2:10:

    2 |       use mpi_f08
      |          1
Fatal Error: Cannot open module file 'mpi_f08.mod' for reading at (1): No such file or directory
compilation terminated.
make[1]: *** [CMakeFiles/cmTC_596a5.dir/build.make:66: CMakeFiles/cmTC_596a5.dir/test_mpi.f90.o] Error 1
make[1]: Leaving directory '/root/workspace/src/eigen-3.3.7/build/CMakeFiles/CMakeTmp'
make: *** [Makefile:121: cmTC_596a5/fast] Error 2



The MPI test test_mpi for Fortran in mode F77_HEADER_NOKIND failed to compile with the following output:
Change Dir: /root/workspace/src/eigen-3.3.7/build/CMakeFiles/CMakeTmp

Run Build Command(s):/usr/bin/make cmTC_10f83/fast && /usr/bin/make -f CMakeFiles/cmTC_10f83.dir/build.make CMakeFiles/cmTC_10f83.dir/build
make[1]: Entering directory '/root/workspace/src/eigen-3.3.7/build/CMakeFiles/CMakeTmp'
Building Fortran object CMakeFiles/cmTC_10f83.dir/test_mpi.f90.o
/usr/bin/gfortran    -c /root/workspace/src/eigen-3.3.7/build/CMakeFiles/FindMPI/test_mpi.f90 -o CMakeFiles/cmTC_10f83.dir/test_mpi.f90.o
/root/workspace/src/eigen-3.3.7/build/CMakeFiles/FindMPI/test_mpi.f90:3: Error: Can't open included file 'mpif.h'
make[1]: *** [CMakeFiles/cmTC_10f83.dir/build.make:66: CMakeFiles/cmTC_10f83.dir/test_mpi.f90.o] Error 1
make[1]: Leaving directory '/root/workspace/src/eigen-3.3.7/build/CMakeFiles/CMakeTmp'
make: *** [Makefile:121: cmTC_10f83/fast] Error 2



Performing C SOURCE FILE Test PTSCOTCH_Num_4 failed with the following compile output:
Change Dir: /root/workspace/src/eigen-3.3.7/build/CMakeFiles/CMakeTmp

Run Build Command(s):/usr/bin/make cmTC_bff0c/fast && /usr/bin/make -f CMakeFiles/cmTC_bff0c.dir/build.make CMakeFiles/cmTC_bff0c.dir/build
make[1]: Entering directory '/root/workspace/src/eigen-3.3.7/build/CMakeFiles/CMakeTmp'
Building C object CMakeFiles/cmTC_bff0c.dir/src.c.o
/usr/bin/cc   -DPTSCOTCH_Num_4   -o CMakeFiles/cmTC_bff0c.dir/src.c.o   -c /root/workspace/src/eigen-3.3.7/build/CMakeFiles/CMakeTmp/src.c
/root/workspace/src/eigen-3.3.7/build/CMakeFiles/CMakeTmp/src.c:4:10: fatal error: ptscotch.h: No such file or directory
    4 | #include <ptscotch.h>
      |          ^~~~~~~~~~~~
compilation terminated.
make[1]: *** [CMakeFiles/cmTC_bff0c.dir/build.make:66: CMakeFiles/cmTC_bff0c.dir/src.c.o] Error 1
make[1]: Leaving directory '/root/workspace/src/eigen-3.3.7/build/CMakeFiles/CMakeTmp'
make: *** [Makefile:121: cmTC_bff0c/fast] Error 2


...and run output:

Return value: 1
Source file was:

#include <stdio.h>
#include <stdint.h>
#include <ptscotch.h>
int main(int argc, char **argv) {
  if (sizeof(SCOTCH_Num) == 4)
    return 0;
  else
    return 1;
}

Performing C SOURCE FILE Test PTSCOTCH_Num_8 failed with the following compile output:
Change Dir: /root/workspace/src/eigen-3.3.7/build/CMakeFiles/CMakeTmp

Run Build Command(s):/usr/bin/make cmTC_3b926/fast && /usr/bin/make -f CMakeFiles/cmTC_3b926.dir/build.make CMakeFiles/cmTC_3b926.dir/build
make[1]: Entering directory '/root/workspace/src/eigen-3.3.7/build/CMakeFiles/CMakeTmp'
Building C object CMakeFiles/cmTC_3b926.dir/src.c.o
/usr/bin/cc   -DPTSCOTCH_Num_8   -o CMakeFiles/cmTC_3b926.dir/src.c.o   -c /root/workspace/src/eigen-3.3.7/build/CMakeFiles/CMakeTmp/src.c
/root/workspace/src/eigen-3.3.7/build/CMakeFiles/CMakeTmp/src.c:4:10: fatal error: ptscotch.h: No such file or directory
    4 | #include <ptscotch.h>
      |          ^~~~~~~~~~~~
compilation terminated.
make[1]: *** [CMakeFiles/cmTC_3b926.dir/build.make:66: CMakeFiles/cmTC_3b926.dir/src.c.o] Error 1
make[1]: Leaving directory '/root/workspace/src/eigen-3.3.7/build/CMakeFiles/CMakeTmp'
make: *** [Makefile:121: cmTC_3b926/fast] Error 2


...and run output:

Return value: 1
Source file was:

#include <stdio.h>
#include <stdint.h>
#include <ptscotch.h>
int main(int argc, char **argv) {
  if (sizeof(SCOTCH_Num) == 8)
    return 0;
  else
    return 1;
}

